PLINK v2.00a5.10LM 64-bit Intel (5 Jan 2024)
Options in effect:
  --pfile /mnt/archive/moba_genotypes_releases/2024.07.01/moba_genotypes_2024.07.01_common
  --validate

Hostname: moba-store-home
Working directory: /mnt/work/oystein/github/mobaGenetics-qc
Start time: Fri Oct 25 13:49:01 2024

Random number seed: 1729856941
128930 MiB RAM detected, ~125855 available; reserving 64465 MiB for main
workspace.
Using up to 32 threads (change this with --threads).
229618 samples (117512 females, 102207 males, 9899 ambiguous; 124388 founders)
loaded from
/mnt/archive/moba_genotypes_releases/2024.07.01/moba_genotypes_2024.07.01_common.psam.
11408341 variants loaded from
/mnt/archive/moba_genotypes_releases/2024.07.01/moba_genotypes_2024.07.01_common.pvar.
Validating
/mnt/archive/moba_genotypes_releases/2024.07.01/moba_genotypes_2024.07.01_common.pgen...
done.

End time: Fri Oct 25 15:23:39 2024
