Building DAG of jobs...
Using shell: /bin/bash
Provided cores: 20
Rules claiming more threads will be scaled down.
Job counts:
	count	jobs
	1	all
	1	generate_raw_stats
	2

rule generate_raw_stats:
    input: /mnt/archive/ROTTERDAM1/data/plink/PLINK_260318_0459/bedset/GSA2016_MOBA_025.bim, /mnt/archive/ROTTERDAM1/data/plink/PLINK_260318_0459/bedset/GSA2016_MOBA_025.bed, /mnt/archive/ROTTERDAM1/data/plink/PLINK_260318_0459/bedset/GSA2016_MOBA_025.fam
    output: /mnt/archive/helgeland/qc-rotterdam1/raw-imiss.imiss, /mnt/archive/helgeland/qc-rotterdam1/raw-lmiss.lmiss, /mnt/archive/helgeland/qc-rotterdam1/raw-frq.frq, /mnt/archive/helgeland/qc-rotterdam1/raw-het.het, /mnt/archive/helgeland/qc-rotterdam1/raw-hwe.hwe
    jobid: 1


        plink             --bfile /mnt/archive/ROTTERDAM1/data/plink/PLINK_260318_0459/bedset/GSA2016_MOBA_025             --het             --out /mnt/archive/helgeland/qc-rotterdam1/raw-het

        plink             --bfile /mnt/archive/ROTTERDAM1/data/plink/PLINK_260318_0459/bedset/GSA2016_MOBA_025             --hardy             --out /mnt/archive/helgeland/qc-rotterdam1/raw-hwe

        plink             --bfile /mnt/archive/ROTTERDAM1/data/plink/PLINK_260318_0459/bedset/GSA2016_MOBA_025             --freq             --out /mnt/archive/helgeland/qc-rotterdam1/raw-frq

        plink             --bfile /mnt/archive/ROTTERDAM1/data/plink/PLINK_260318_0459/bedset/GSA2016_MOBA_025             --hardy             --out /mnt/archive/helgeland/qc-rotterdam1/raw-missing

        
Waiting at most 5 seconds for missing files.
MissingOutputException in line 13 of /home/oyvindhe/qc-rotterdam1/snakefiles/pre-qc-checks.snake:
Missing files after 5 seconds:
/mnt/archive/helgeland/qc-rotterdam1/raw-imiss.imiss
/mnt/archive/helgeland/qc-rotterdam1/raw-lmiss.lmiss
This might be due to filesystem latency. If that is the case, consider to increase the wait time with --latency-wait.
Removing output files of failed job generate_raw_stats since they might be corrupted:
/mnt/archive/helgeland/qc-rotterdam1/raw-frq.frq, /mnt/archive/helgeland/qc-rotterdam1/raw-het.het, /mnt/archive/helgeland/qc-rotterdam1/raw-hwe.hwe
Shutting down, this might take some time.
Exiting because a job execution failed. Look above for error message
Complete log: /home/oyvindhe/qc-rotterdam1/snakefiles/.snakemake/log/2018-04-12T110730.941522.snakemake.log
