Building DAG of jobs...
Using shell: /bin/bash
Provided cores: 20
Rules claiming more threads will be scaled down.
Job counts:
	count	jobs
	1	all
	1	generate_raw_stats
	2

rule generate_raw_stats:
    input: /mnt/archive/ROTTERDAM1/data/plink/PLINK_260318_0459/bedset/GSA2016_MOBA_025.bim, /mnt/archive/ROTTERDAM1/data/plink/PLINK_260318_0459/bedset/GSA2016_MOBA_025.fam, /mnt/archive/ROTTERDAM1/data/plink/PLINK_260318_0459/bedset/GSA2016_MOBA_025.bed
    output: /mnt/archive/helgeland/qc-rotterdam1/raw-het.het, /mnt/archive/helgeland/qc-rotterdam1/raw-hwe.hwe, /mnt/archive/helgeland/qc-rotterdam1/raw-frq.frq, /mnt/archive/helgeland/qc-rotterdam1/raw-missing.imiss, /mnt/archive/helgeland/qc-rotterdam1/raw-missing.lmiss
    jobid: 1


        # Het.rate
        plink             --bfile /mnt/archive/ROTTERDAM1/data/plink/PLINK_260318_0459/bedset/GSA2016_MOBA_025             --het             --out /mnt/archive/helgeland/qc-rotterdam1/raw-het

        # HWE
        plink             --bfile /mnt/archive/ROTTERDAM1/data/plink/PLINK_260318_0459/bedset/GSA2016_MOBA_025             --hardy             --out /mnt/archive/helgeland/qc-rotterdam1/raw-hwe

        # Freq
        plink             --bfile /mnt/archive/ROTTERDAM1/data/plink/PLINK_260318_0459/bedset/GSA2016_MOBA_025             --freq             --out /mnt/archive/helgeland/qc-rotterdam1/raw-frq

        # Missingness
        plink             --bfile /mnt/archive/ROTTERDAM1/data/plink/PLINK_260318_0459/bedset/GSA2016_MOBA_025             --missing             --out /mnt/archive/helgeland/qc-rotterdam1/raw-missing

        
Finished job 1.
1 of 2 steps (50%) done

localrule all:
    input: /mnt/archive/helgeland/qc-rotterdam1/raw-het.het
    jobid: 0

Finished job 0.
2 of 2 steps (100%) done
Complete log: /home/oyvindhe/qc-rotterdam1/snakefiles/.snakemake/log/2018-04-12T111058.353597.snakemake.log
